<?xml version="1.0" encoding="UTF-8"?>
<!-- Generated by org.testng.reporters.JUnitReportReporter -->
<testsuite hostname="DESKTOP-9O4UC3P" failures="0" tests="3" name="com.crm.qa.testcases.HomePageTest" time="76.313" errors="0" timestamp="2024-05-02T15:56:05 IST" skipped="0">
  <testcase classname="com.crm.qa.testcases.HomePageTest" name="VerifyHomePageTitleTest" time="25.008"/>
  <testcase classname="com.crm.qa.testcases.HomePageTest" name="VerifyHomePageUsernameTest" time="23.642"/>
  <testcase classname="com.crm.qa.testcases.HomePageTest" name="VerifyClickOnContactsLinkTest" time="27.663"/>
</testsuite> <!-- com.crm.qa.testcases.HomePageTest -->
