<?xml version="1.0" encoding="UTF-8"?>
<!-- Generated by org.testng.reporters.JUnitReportReporter -->
<testsuite hostname="DESKTOP-9O4UC3P" failures="0" tests="3" name="com.crm.qa.testcases.HashMapDemo" time="0.011" errors="0" timestamp="2024-06-14T08:23:23 IST" skipped="0">
  <testcase classname="com.crm.qa.testcases.HashMapDemo" name="integrationTest" time="0.002"/>
  <testcase classname="com.crm.qa.testcases.HashMapDemo" name="integrationTest" time="0.001"/>
  <testcase classname="com.crm.qa.testcases.HashMapDemo" name="integrationTest" time="0.008"/>
</testsuite> <!-- com.crm.qa.testcases.HashMapDemo -->
