<?xml version="1.0" encoding="UTF-8"?>
<!-- Generated by org.testng.reporters.JUnitReportReporter -->
<testsuite hostname="DESKTOP-9O4UC3P" failures="0" tests="3" name="com.crm.qa.testcases.ContactsPageTest" time="97.658" errors="0" timestamp="2024-05-06T18:01:48 IST" skipped="0">
  <testcase classname="com.crm.qa.testcases.ContactsPageTest" name="createNewContactTest" time="33.591"/>
  <testcase classname="com.crm.qa.testcases.ContactsPageTest" name="createNewContactTest" time="33.075"/>
  <testcase classname="com.crm.qa.testcases.ContactsPageTest" name="createNewContactTest" time="30.992"/>
</testsuite> <!-- com.crm.qa.testcases.ContactsPageTest -->
